<?xml version="1.0" encoding="UTF-8"?>
<!-- Generated by org.testng.reporters.JUnitReportReporter -->
<testsuite hostname="sst-p1310517pw" failures="0" tests="1" name="com.todos.tests.AddTodosTest" time="6.199" errors="0" timestamp="1 May 2021 00:02:48 GMT">
  <testcase classname="com.todos.tests.AddTodosTest" name="iCanAddTodo" time="6.199"/>
</testsuite> <!-- com.todos.tests.AddTodosTest -->
